Arguments: 
  C:\Program Files\nodejs\node.exe C:\Program Files (x86)\Yarn\bin\yarn.js

PATH: 
  C:\Python27\;C:\Python27\Scripts;C:\WINDOWS\system32;C:\WINDOWS;C:\WINDOWS\System32\Wbem;C:\WINDOWS\System32\WindowsPowerShell\v1.0\;C:\WINDOWS\System32\OpenSSH\;C:\Program Files\nodejs\;C:\ProgramData\chocolatey\bin;C:\Program Files\Git\cmd;C:\Program Files (x86)\Yarn\bin\;C:\Program Files\Docker\Docker\resources\bin;C:\ProgramData\DockerDesktop\version-bin;C:\Users\User\AppData\Local\Microsoft\WindowsApps;C:\Users\User\AppData\Local\Programs\Microsoft VS Code\bin;C:\Users\User\AppData\Roaming\npm;C:\Users\User\AppData\Local\Yarn\bin

Yarn version: 
  1.19.2

Node version: 
  12.13.0

Platform: 
  win32 x64

Trace: 
  SyntaxError: C:\Users\User\NodeApp\mock\package.json: Unexpected token } in JSON at position 465
      at JSON.parse (<anonymous>)
      at C:\Program Files (x86)\Yarn\lib\cli.js:1625:59
      at Generator.next (<anonymous>)
      at step (C:\Program Files (x86)\Yarn\lib\cli.js:304:30)
      at C:\Program Files (x86)\Yarn\lib\cli.js:315:13

npm manifest: 
  {
    "name": "aqweb-2",
    "version": "0.0.0",
    "private": true,
    "scripts": {
      "start": "nodemon ./bin/www",
      "mock": "nodemon ./bin/mock"
    },
    "dependencies": {
      "async": "^2.6.1",
      "axios": "^0.19.2",
      "chokidar": "^3.4.1",
      "cookie-parser": "~1.4.3",
      "debug": "~2.6.9",
      "express": "^4.16.4",
      "express-useragent": "^1.0.12",
      "http-errors": "~1.6.2",
      "locutus": "^2.0.10",
      "mockjs": "^1.1.0",
      "morgan": "^1.9.1",
    },
    "jshintConfig": {
      "esversion": 6
    }
  }

yarn manifest: 
  No manifest

Lockfile: 
  No lockfile
